2018-12-09 16:45:00,647 [INFO] from play.api.db.DefaultDBApi in play-dev-mode-akka.actor.default-dispatcher-3 - Database [default] initialized at jdbc:mysql://localhost:8889/library
2018-12-09 16:45:00,659 [INFO] from application in play-dev-mode-akka.actor.default-dispatcher-3 - Creating Pool for datasource 'default'
2018-12-09 16:45:02,095 [INFO] from play.api.http.EnabledFilters in play-dev-mode-akka.actor.default-dispatcher-3 - Enabled Filters (see <https://www.playframework.com/documentation/latest/Filters>):

    play.filters.csrf.CSRFFilter
    play.filters.headers.SecurityHeadersFilter
    play.filters.hosts.AllowedHostsFilter
    play.filters.cors.CORSFilter

2018-12-09 16:45:02,150 [INFO] from play.api.Play in play-dev-mode-akka.actor.default-dispatcher-3 - Application started (Dev)
2018-12-09 16:47:30,862 [WARN] from com.zaxxer.hikari.pool.HikariPool in HikariPool-1 housekeeper - HikariPool-1 - Thread starvation or clock leap detected (housekeeper delta=1m18s121ms).
2018-12-09 16:47:47,490 [ERROR] from application in application-akka.actor.default-dispatcher-2 - 

! @7a772ccp5 - Internal server error, for (POST) [/addBook] ->
 
play.api.http.HttpErrorHandlerExceptions$$anon$1: Execution exception[[NullPointerException: null]]
	at play.api.http.HttpErrorHandlerExceptions$.throwableToUsefulException(HttpErrorHandler.scala:251)
	at play.api.http.DefaultHttpErrorHandler.onServerError(HttpErrorHandler.scala:178)
	at play.filters.cors.AbstractCORSPolicy$$anonfun$1.applyOrElse(AbstractCORSPolicy.scala:125)
	at play.filters.cors.AbstractCORSPolicy$$anonfun$1.applyOrElse(AbstractCORSPolicy.scala:123)
	at scala.concurrent.Future.$anonfun$recoverWith$1(Future.scala:413)
	at scala.concurrent.impl.Promise.$anonfun$transformWith$1(Promise.scala:37)
	at scala.concurrent.impl.CallbackRunnable.run$$$capture(Promise.scala:60)
	at scala.concurrent.impl.CallbackRunnable.run(Promise.scala)
	at play.api.libs.streams.Execution$trampoline$.execute(Execution.scala:70)
	at scala.concurrent.impl.CallbackRunnable.executeWithValue(Promise.scala:68)
	at scala.concurrent.impl.Promise$DefaultPromise.$anonfun$tryComplete$1(Promise.scala:284)
	at scala.concurrent.impl.Promise$DefaultPromise.$anonfun$tryComplete$1$adapted(Promise.scala:284)
	at scala.concurrent.impl.Promise$DefaultPromise.tryComplete(Promise.scala:284)
	at scala.concurrent.impl.Promise$DefaultPromise.link(Promise.scala:337)
	at scala.concurrent.impl.Promise$DefaultPromise.linkRootOf(Promise.scala:322)
	at scala.concurrent.impl.Promise.$anonfun$transformWith$1(Promise.scala:39)
	at scala.concurrent.impl.CallbackRunnable.run$$$capture(Promise.scala:60)
	at scala.concurrent.impl.CallbackRunnable.run(Promise.scala)
	at akka.dispatch.BatchingExecutor$AbstractBatch.processBatch(BatchingExecutor.scala:55)
	at akka.dispatch.BatchingExecutor$BlockableBatch.$anonfun$run$1(BatchingExecutor.scala:91)
	at scala.runtime.java8.JFunction0$mcV$sp.apply(JFunction0$mcV$sp.java:12)
	at scala.concurrent.BlockContext$.withBlockContext(BlockContext.scala:81)
	at akka.dispatch.BatchingExecutor$BlockableBatch.run(BatchingExecutor.scala:91)
	at akka.dispatch.TaskInvocation.run(AbstractDispatcher.scala:40)
	at akka.dispatch.ForkJoinExecutorConfigurator$AkkaForkJoinTask.exec(ForkJoinExecutorConfigurator.scala:44)
	at akka.dispatch.forkjoin.ForkJoinTask.doExec(ForkJoinTask.java:260)
	at akka.dispatch.forkjoin.ForkJoinPool$WorkQueue.runTask(ForkJoinPool.java:1339)
	at akka.dispatch.forkjoin.ForkJoinPool.runWorker(ForkJoinPool.java:1979)
	at akka.dispatch.forkjoin.ForkJoinWorkerThread.run(ForkJoinWorkerThread.java:107)
Caused by: java.lang.NullPointerException: null
	at services.WestminsterLibraryManager.mapBookModel(WestminsterLibraryManager.java:234)
	at services.WestminsterLibraryManager.addBook(WestminsterLibraryManager.java:22)
	at controllers.HomeController.addBook(HomeController.java:46)
	at router.Routes$$anonfun$routes$1.$anonfun$applyOrElse$10(Routes.scala:345)
	at play.core.routing.HandlerInvokerFactory$$anon$3.resultCall(HandlerInvoker.scala:134)
	at play.core.routing.HandlerInvokerFactory$$anon$3.resultCall(HandlerInvoker.scala:133)
	at play.core.routing.HandlerInvokerFactory$JavaActionInvokerFactory$$anon$8$$anon$2$$anon$1.invocation(HandlerInvoker.scala:108)
	at play.core.j.JavaAction$$anon$1.call(JavaAction.scala:88)
	at play.http.DefaultActionCreator$1.call(DefaultActionCreator.java:31)
	at play.core.j.JavaAction.$anonfun$apply$8(JavaAction.scala:138)
	at scala.concurrent.Future$.$anonfun$apply$1(Future.scala:654)
	at scala.util.Success.$anonfun$map$1(Try.scala:251)
	at scala.util.Success.map(Try.scala:209)
	at scala.concurrent.Future.$anonfun$map$1(Future.scala:288)
	at scala.concurrent.impl.Promise.liftedTree1$1(Promise.scala:29)
	at scala.concurrent.impl.Promise.$anonfun$transform$1(Promise.scala:29)
	at scala.concurrent.impl.CallbackRunnable.run$$$capture(Promise.scala:60)
	at scala.concurrent.impl.CallbackRunnable.run(Promise.scala)
	at play.core.j.HttpExecutionContext$$anon$2.run(HttpExecutionContext.scala:56)
	at play.api.libs.streams.Execution$trampoline$.execute(Execution.scala:70)
	at play.core.j.HttpExecutionContext.execute(HttpExecutionContext.scala:48)
	at scala.concurrent.impl.CallbackRunnable.executeWithValue(Promise.scala:68)
	at scala.concurrent.impl.Promise$KeptPromise$Kept.onComplete(Promise.scala:368)
	at scala.concurrent.impl.Promise$KeptPromise$Kept.onComplete$(Promise.scala:367)
	at scala.concurrent.impl.Promise$KeptPromise$Successful.onComplete(Promise.scala:375)
	at scala.concurrent.impl.Promise.transform(Promise.scala:29)
	at scala.concurrent.impl.Promise.transform$(Promise.scala:27)
	at scala.concurrent.impl.Promise$KeptPromise$Successful.transform(Promise.scala:375)
	at scala.concurrent.Future.map(Future.scala:288)
	at scala.concurrent.Future.map$(Future.scala:288)
	at scala.concurrent.impl.Promise$KeptPromise$Successful.map(Promise.scala:375)
	at scala.concurrent.Future$.apply(Future.scala:654)
	at play.core.j.JavaAction.apply(JavaAction.scala:138)
	at play.api.mvc.Action.$anonfun$apply$2(Action.scala:96)
	at scala.concurrent.Future.$anonfun$flatMap$1(Future.scala:303)
	at scala.concurrent.impl.Promise.$anonfun$transformWith$1(Promise.scala:37)
	... 13 common frames omitted
2018-12-09 16:48:04,536 [INFO] from application in application-akka.actor.default-dispatcher-6 - Shutting down connection pool.
2018-12-09 16:48:04,773 [INFO] from play.api.db.DefaultDBApi in play-dev-mode-akka.actor.default-dispatcher-12 - Database [default] initialized at jdbc:mysql://localhost:8889/library
2018-12-09 16:48:04,773 [INFO] from application in play-dev-mode-akka.actor.default-dispatcher-12 - Creating Pool for datasource 'default'
2018-12-09 16:48:04,926 [INFO] from play.api.http.EnabledFilters in play-dev-mode-akka.actor.default-dispatcher-12 - Enabled Filters (see <https://www.playframework.com/documentation/latest/Filters>):

    play.filters.csrf.CSRFFilter
    play.filters.headers.SecurityHeadersFilter
    play.filters.hosts.AllowedHostsFilter
    play.filters.cors.CORSFilter

2018-12-09 16:48:04,938 [INFO] from play.api.Play in play-dev-mode-akka.actor.default-dispatcher-12 - Application started (Dev)
2018-12-09 16:49:04,234 [WARN] from com.zaxxer.hikari.pool.HikariPool in HikariPool-2 housekeeper - HikariPool-2 - Thread starvation or clock leap detected (housekeeper delta=59s337ms).
2018-12-09 16:49:04,236 [ERROR] from application in application-akka.actor.default-dispatcher-2 - 

! @7a772gmd2 - Internal server error, for (POST) [/addBook] ->
 
play.api.http.HttpErrorHandlerExceptions$$anon$1: Execution exception[[NullPointerException: null]]
	at play.api.http.HttpErrorHandlerExceptions$.throwableToUsefulException(HttpErrorHandler.scala:251)
	at play.api.http.DefaultHttpErrorHandler.onServerError(HttpErrorHandler.scala:178)
	at play.filters.cors.AbstractCORSPolicy$$anonfun$1.applyOrElse(AbstractCORSPolicy.scala:125)
	at play.filters.cors.AbstractCORSPolicy$$anonfun$1.applyOrElse(AbstractCORSPolicy.scala:123)
	at scala.concurrent.Future.$anonfun$recoverWith$1(Future.scala:413)
	at scala.concurrent.impl.Promise.$anonfun$transformWith$1(Promise.scala:37)
	at scala.concurrent.impl.CallbackRunnable.run$$$capture(Promise.scala:60)
	at scala.concurrent.impl.CallbackRunnable.run(Promise.scala)
	at play.api.libs.streams.Execution$trampoline$.execute(Execution.scala:70)
	at scala.concurrent.impl.CallbackRunnable.executeWithValue(Promise.scala:68)
	at scala.concurrent.impl.Promise$DefaultPromise.$anonfun$tryComplete$1(Promise.scala:284)
	at scala.concurrent.impl.Promise$DefaultPromise.$anonfun$tryComplete$1$adapted(Promise.scala:284)
	at scala.concurrent.impl.Promise$DefaultPromise.tryComplete(Promise.scala:284)
	at scala.concurrent.impl.Promise$DefaultPromise.link(Promise.scala:337)
	at scala.concurrent.impl.Promise$DefaultPromise.linkRootOf(Promise.scala:322)
	at scala.concurrent.impl.Promise.$anonfun$transformWith$1(Promise.scala:39)
	at scala.concurrent.impl.CallbackRunnable.run$$$capture(Promise.scala:60)
	at scala.concurrent.impl.CallbackRunnable.run(Promise.scala)
	at akka.dispatch.BatchingExecutor$AbstractBatch.processBatch(BatchingExecutor.scala:55)
	at akka.dispatch.BatchingExecutor$BlockableBatch.$anonfun$run$1(BatchingExecutor.scala:91)
	at scala.runtime.java8.JFunction0$mcV$sp.apply(JFunction0$mcV$sp.java:12)
	at scala.concurrent.BlockContext$.withBlockContext(BlockContext.scala:81)
	at akka.dispatch.BatchingExecutor$BlockableBatch.run(BatchingExecutor.scala:91)
	at akka.dispatch.TaskInvocation.run(AbstractDispatcher.scala:40)
	at akka.dispatch.ForkJoinExecutorConfigurator$AkkaForkJoinTask.exec(ForkJoinExecutorConfigurator.scala:44)
	at akka.dispatch.forkjoin.ForkJoinTask.doExec(ForkJoinTask.java:260)
	at akka.dispatch.forkjoin.ForkJoinPool$WorkQueue.runTask(ForkJoinPool.java:1339)
	at akka.dispatch.forkjoin.ForkJoinPool.runWorker(ForkJoinPool.java:1979)
	at akka.dispatch.forkjoin.ForkJoinWorkerThread.run(ForkJoinWorkerThread.java:107)
Caused by: java.lang.NullPointerException: null
	at controllers.HomeController.mapBookObj(HomeController.java:179)
	at controllers.HomeController.addBook(HomeController.java:42)
	at router.Routes$$anonfun$routes$1.$anonfun$applyOrElse$10(Routes.scala:345)
	at play.core.routing.HandlerInvokerFactory$$anon$3.resultCall(HandlerInvoker.scala:134)
	at play.core.routing.HandlerInvokerFactory$$anon$3.resultCall(HandlerInvoker.scala:133)
	at play.core.routing.HandlerInvokerFactory$JavaActionInvokerFactory$$anon$8$$anon$2$$anon$1.invocation(HandlerInvoker.scala:108)
	at play.core.j.JavaAction$$anon$1.call(JavaAction.scala:88)
	at play.http.DefaultActionCreator$1.call(DefaultActionCreator.java:31)
	at play.core.j.JavaAction.$anonfun$apply$8(JavaAction.scala:138)
	at scala.concurrent.Future$.$anonfun$apply$1(Future.scala:654)
	at scala.util.Success.$anonfun$map$1(Try.scala:251)
	at scala.util.Success.map(Try.scala:209)
	at scala.concurrent.Future.$anonfun$map$1(Future.scala:288)
	at scala.concurrent.impl.Promise.liftedTree1$1(Promise.scala:29)
	at scala.concurrent.impl.Promise.$anonfun$transform$1(Promise.scala:29)
	at scala.concurrent.impl.CallbackRunnable.run$$$capture(Promise.scala:60)
	at scala.concurrent.impl.CallbackRunnable.run(Promise.scala)
	at play.core.j.HttpExecutionContext$$anon$2.run(HttpExecutionContext.scala:56)
	at play.api.libs.streams.Execution$trampoline$.execute(Execution.scala:70)
	at play.core.j.HttpExecutionContext.execute(HttpExecutionContext.scala:48)
	at scala.concurrent.impl.CallbackRunnable.executeWithValue(Promise.scala:68)
	at scala.concurrent.impl.Promise$KeptPromise$Kept.onComplete(Promise.scala:368)
	at scala.concurrent.impl.Promise$KeptPromise$Kept.onComplete$(Promise.scala:367)
	at scala.concurrent.impl.Promise$KeptPromise$Successful.onComplete(Promise.scala:375)
	at scala.concurrent.impl.Promise.transform(Promise.scala:29)
	at scala.concurrent.impl.Promise.transform$(Promise.scala:27)
	at scala.concurrent.impl.Promise$KeptPromise$Successful.transform(Promise.scala:375)
	at scala.concurrent.Future.map(Future.scala:288)
	at scala.concurrent.Future.map$(Future.scala:288)
	at scala.concurrent.impl.Promise$KeptPromise$Successful.map(Promise.scala:375)
	at scala.concurrent.Future$.apply(Future.scala:654)
	at play.core.j.JavaAction.apply(JavaAction.scala:138)
	at play.api.mvc.Action.$anonfun$apply$2(Action.scala:96)
	at scala.concurrent.Future.$anonfun$flatMap$1(Future.scala:303)
	at scala.concurrent.impl.Promise.$anonfun$transformWith$1(Promise.scala:37)
	... 13 common frames omitted
2018-12-09 17:33:54,072 [INFO] from application in application-akka.actor.default-dispatcher-5 - Shutting down connection pool.
2018-12-09 17:33:54,433 [INFO] from play.api.db.DefaultDBApi in play-dev-mode-akka.actor.default-dispatcher-15 - Database [default] initialized at jdbc:mysql://localhost:8889/library
2018-12-09 17:33:54,434 [INFO] from application in play-dev-mode-akka.actor.default-dispatcher-15 - Creating Pool for datasource 'default'
2018-12-09 17:33:54,746 [INFO] from play.api.http.EnabledFilters in play-dev-mode-akka.actor.default-dispatcher-15 - Enabled Filters (see <https://www.playframework.com/documentation/latest/Filters>):

    play.filters.csrf.CSRFFilter
    play.filters.headers.SecurityHeadersFilter
    play.filters.hosts.AllowedHostsFilter
    play.filters.cors.CORSFilter

2018-12-09 17:33:54,763 [INFO] from play.api.Play in play-dev-mode-akka.actor.default-dispatcher-15 - Application started (Dev)
2018-12-09 17:34:38,712 [ERROR] from application in application-akka.actor.default-dispatcher-3 - 

! @7a778gbf7 - Internal server error, for (POST) [/addBook] ->
 
play.api.http.HttpErrorHandlerExceptions$$anon$1: Execution exception[[NullPointerException: null]]
	at play.api.http.HttpErrorHandlerExceptions$.throwableToUsefulException(HttpErrorHandler.scala:251)
	at play.api.http.DefaultHttpErrorHandler.onServerError(HttpErrorHandler.scala:178)
	at play.filters.cors.AbstractCORSPolicy$$anonfun$1.applyOrElse(AbstractCORSPolicy.scala:125)
	at play.filters.cors.AbstractCORSPolicy$$anonfun$1.applyOrElse(AbstractCORSPolicy.scala:123)
	at scala.concurrent.Future.$anonfun$recoverWith$1(Future.scala:413)
	at scala.concurrent.impl.Promise.$anonfun$transformWith$1(Promise.scala:37)
	at scala.concurrent.impl.CallbackRunnable.run$$$capture(Promise.scala:60)
	at scala.concurrent.impl.CallbackRunnable.run(Promise.scala)
	at play.api.libs.streams.Execution$trampoline$.execute(Execution.scala:70)
	at scala.concurrent.impl.CallbackRunnable.executeWithValue(Promise.scala:68)
	at scala.concurrent.impl.Promise$DefaultPromise.$anonfun$tryComplete$1(Promise.scala:284)
	at scala.concurrent.impl.Promise$DefaultPromise.$anonfun$tryComplete$1$adapted(Promise.scala:284)
	at scala.concurrent.impl.Promise$DefaultPromise.tryComplete(Promise.scala:284)
	at scala.concurrent.impl.Promise$DefaultPromise.link(Promise.scala:337)
	at scala.concurrent.impl.Promise$DefaultPromise.linkRootOf(Promise.scala:322)
	at scala.concurrent.impl.Promise.$anonfun$transformWith$1(Promise.scala:39)
	at scala.concurrent.impl.CallbackRunnable.run$$$capture(Promise.scala:60)
	at scala.concurrent.impl.CallbackRunnable.run(Promise.scala)
	at akka.dispatch.BatchingExecutor$AbstractBatch.processBatch(BatchingExecutor.scala:55)
	at akka.dispatch.BatchingExecutor$BlockableBatch.$anonfun$run$1(BatchingExecutor.scala:91)
	at scala.runtime.java8.JFunction0$mcV$sp.apply(JFunction0$mcV$sp.java:12)
	at scala.concurrent.BlockContext$.withBlockContext(BlockContext.scala:81)
	at akka.dispatch.BatchingExecutor$BlockableBatch.run(BatchingExecutor.scala:91)
	at akka.dispatch.TaskInvocation.run(AbstractDispatcher.scala:40)
	at akka.dispatch.ForkJoinExecutorConfigurator$AkkaForkJoinTask.exec(ForkJoinExecutorConfigurator.scala:44)
	at akka.dispatch.forkjoin.ForkJoinTask.doExec(ForkJoinTask.java:260)
	at akka.dispatch.forkjoin.ForkJoinPool$WorkQueue.runTask(ForkJoinPool.java:1339)
	at akka.dispatch.forkjoin.ForkJoinPool.runWorker(ForkJoinPool.java:1979)
	at akka.dispatch.forkjoin.ForkJoinWorkerThread.run(ForkJoinWorkerThread.java:107)
Caused by: java.lang.NullPointerException: null
	at controllers.HomeController.mapBookObj(HomeController.java:196)
	at controllers.HomeController.addBook(HomeController.java:42)
	at router.Routes$$anonfun$routes$1.$anonfun$applyOrElse$10(Routes.scala:345)
	at play.core.routing.HandlerInvokerFactory$$anon$3.resultCall(HandlerInvoker.scala:134)
	at play.core.routing.HandlerInvokerFactory$$anon$3.resultCall(HandlerInvoker.scala:133)
	at play.core.routing.HandlerInvokerFactory$JavaActionInvokerFactory$$anon$8$$anon$2$$anon$1.invocation(HandlerInvoker.scala:108)
	at play.core.j.JavaAction$$anon$1.call(JavaAction.scala:88)
	at play.http.DefaultActionCreator$1.call(DefaultActionCreator.java:31)
	at play.core.j.JavaAction.$anonfun$apply$8(JavaAction.scala:138)
	at scala.concurrent.Future$.$anonfun$apply$1(Future.scala:654)
	at scala.util.Success.$anonfun$map$1(Try.scala:251)
	at scala.util.Success.map(Try.scala:209)
	at scala.concurrent.Future.$anonfun$map$1(Future.scala:288)
	at scala.concurrent.impl.Promise.liftedTree1$1(Promise.scala:29)
	at scala.concurrent.impl.Promise.$anonfun$transform$1(Promise.scala:29)
	at scala.concurrent.impl.CallbackRunnable.run$$$capture(Promise.scala:60)
	at scala.concurrent.impl.CallbackRunnable.run(Promise.scala)
	at play.core.j.HttpExecutionContext$$anon$2.run(HttpExecutionContext.scala:56)
	at play.api.libs.streams.Execution$trampoline$.execute(Execution.scala:70)
	at play.core.j.HttpExecutionContext.execute(HttpExecutionContext.scala:48)
	at scala.concurrent.impl.CallbackRunnable.executeWithValue(Promise.scala:68)
	at scala.concurrent.impl.Promise$KeptPromise$Kept.onComplete(Promise.scala:368)
	at scala.concurrent.impl.Promise$KeptPromise$Kept.onComplete$(Promise.scala:367)
	at scala.concurrent.impl.Promise$KeptPromise$Successful.onComplete(Promise.scala:375)
	at scala.concurrent.impl.Promise.transform(Promise.scala:29)
	at scala.concurrent.impl.Promise.transform$(Promise.scala:27)
	at scala.concurrent.impl.Promise$KeptPromise$Successful.transform(Promise.scala:375)
	at scala.concurrent.Future.map(Future.scala:288)
	at scala.concurrent.Future.map$(Future.scala:288)
	at scala.concurrent.impl.Promise$KeptPromise$Successful.map(Promise.scala:375)
	at scala.concurrent.Future$.apply(Future.scala:654)
	at play.core.j.JavaAction.apply(JavaAction.scala:138)
	at play.api.mvc.Action.$anonfun$apply$2(Action.scala:96)
	at scala.concurrent.Future.$anonfun$flatMap$1(Future.scala:303)
	at scala.concurrent.impl.Promise.$anonfun$transformWith$1(Promise.scala:37)
	... 13 common frames omitted
2018-12-09 17:36:18,952 [ERROR] from application in application-akka.actor.default-dispatcher-2 - 

! @7a778m3mh - Internal server error, for (POST) [/addBook] ->
 
play.api.http.HttpErrorHandlerExceptions$$anon$1: Execution exception[[NullPointerException: null]]
	at play.api.http.HttpErrorHandlerExceptions$.throwableToUsefulException(HttpErrorHandler.scala:251)
	at play.api.http.DefaultHttpErrorHandler.onServerError(HttpErrorHandler.scala:178)
	at play.filters.cors.AbstractCORSPolicy$$anonfun$1.applyOrElse(AbstractCORSPolicy.scala:125)
	at play.filters.cors.AbstractCORSPolicy$$anonfun$1.applyOrElse(AbstractCORSPolicy.scala:123)
	at scala.concurrent.Future.$anonfun$recoverWith$1(Future.scala:413)
	at scala.concurrent.impl.Promise.$anonfun$transformWith$1(Promise.scala:37)
	at scala.concurrent.impl.CallbackRunnable.run$$$capture(Promise.scala:60)
	at scala.concurrent.impl.CallbackRunnable.run(Promise.scala)
	at play.api.libs.streams.Execution$trampoline$.execute(Execution.scala:70)
	at scala.concurrent.impl.CallbackRunnable.executeWithValue(Promise.scala:68)
	at scala.concurrent.impl.Promise$DefaultPromise.$anonfun$tryComplete$1(Promise.scala:284)
	at scala.concurrent.impl.Promise$DefaultPromise.$anonfun$tryComplete$1$adapted(Promise.scala:284)
	at scala.concurrent.impl.Promise$DefaultPromise.tryComplete(Promise.scala:284)
	at scala.concurrent.impl.Promise$DefaultPromise.link(Promise.scala:337)
	at scala.concurrent.impl.Promise$DefaultPromise.linkRootOf(Promise.scala:322)
	at scala.concurrent.impl.Promise.$anonfun$transformWith$1(Promise.scala:39)
	at scala.concurrent.impl.CallbackRunnable.run$$$capture(Promise.scala:60)
	at scala.concurrent.impl.CallbackRunnable.run(Promise.scala)
	at akka.dispatch.BatchingExecutor$AbstractBatch.processBatch(BatchingExecutor.scala:55)
	at akka.dispatch.BatchingExecutor$BlockableBatch.$anonfun$run$1(BatchingExecutor.scala:91)
	at scala.runtime.java8.JFunction0$mcV$sp.apply(JFunction0$mcV$sp.java:12)
	at scala.concurrent.BlockContext$.withBlockContext(BlockContext.scala:81)
	at akka.dispatch.BatchingExecutor$BlockableBatch.run(BatchingExecutor.scala:91)
	at akka.dispatch.TaskInvocation.run(AbstractDispatcher.scala:40)
	at akka.dispatch.ForkJoinExecutorConfigurator$AkkaForkJoinTask.exec(ForkJoinExecutorConfigurator.scala:44)
	at akka.dispatch.forkjoin.ForkJoinTask.doExec(ForkJoinTask.java:260)
	at akka.dispatch.forkjoin.ForkJoinPool$WorkQueue.runTask(ForkJoinPool.java:1339)
	at akka.dispatch.forkjoin.ForkJoinPool.runWorker(ForkJoinPool.java:1979)
	at akka.dispatch.forkjoin.ForkJoinWorkerThread.run(ForkJoinWorkerThread.java:107)
Caused by: java.lang.NullPointerException: null
	at controllers.HomeController.mapBookObj(HomeController.java:196)
	at controllers.HomeController.addBook(HomeController.java:42)
	at router.Routes$$anonfun$routes$1.$anonfun$applyOrElse$10(Routes.scala:345)
	at play.core.routing.HandlerInvokerFactory$$anon$3.resultCall(HandlerInvoker.scala:134)
	at play.core.routing.HandlerInvokerFactory$$anon$3.resultCall(HandlerInvoker.scala:133)
	at play.core.routing.HandlerInvokerFactory$JavaActionInvokerFactory$$anon$8$$anon$2$$anon$1.invocation(HandlerInvoker.scala:108)
	at play.core.j.JavaAction$$anon$1.call(JavaAction.scala:88)
	at play.http.DefaultActionCreator$1.call(DefaultActionCreator.java:31)
	at play.core.j.JavaAction.$anonfun$apply$8(JavaAction.scala:138)
	at scala.concurrent.Future$.$anonfun$apply$1(Future.scala:654)
	at scala.util.Success.$anonfun$map$1(Try.scala:251)
	at scala.util.Success.map(Try.scala:209)
	at scala.concurrent.Future.$anonfun$map$1(Future.scala:288)
	at scala.concurrent.impl.Promise.liftedTree1$1(Promise.scala:29)
	at scala.concurrent.impl.Promise.$anonfun$transform$1(Promise.scala:29)
	at scala.concurrent.impl.CallbackRunnable.run$$$capture(Promise.scala:60)
	at scala.concurrent.impl.CallbackRunnable.run(Promise.scala)
	at play.core.j.HttpExecutionContext$$anon$2.run(HttpExecutionContext.scala:56)
	at play.api.libs.streams.Execution$trampoline$.execute(Execution.scala:70)
	at play.core.j.HttpExecutionContext.execute(HttpExecutionContext.scala:48)
	at scala.concurrent.impl.CallbackRunnable.executeWithValue(Promise.scala:68)
	at scala.concurrent.impl.Promise$KeptPromise$Kept.onComplete(Promise.scala:368)
	at scala.concurrent.impl.Promise$KeptPromise$Kept.onComplete$(Promise.scala:367)
	at scala.concurrent.impl.Promise$KeptPromise$Successful.onComplete(Promise.scala:375)
	at scala.concurrent.impl.Promise.transform(Promise.scala:29)
	at scala.concurrent.impl.Promise.transform$(Promise.scala:27)
	at scala.concurrent.impl.Promise$KeptPromise$Successful.transform(Promise.scala:375)
	at scala.concurrent.Future.map(Future.scala:288)
	at scala.concurrent.Future.map$(Future.scala:288)
	at scala.concurrent.impl.Promise$KeptPromise$Successful.map(Promise.scala:375)
	at scala.concurrent.Future$.apply(Future.scala:654)
	at play.core.j.JavaAction.apply(JavaAction.scala:138)
	at play.api.mvc.Action.$anonfun$apply$2(Action.scala:96)
	at scala.concurrent.Future.$anonfun$flatMap$1(Future.scala:303)
	at scala.concurrent.impl.Promise.$anonfun$transformWith$1(Promise.scala:37)
	... 13 common frames omitted
2018-12-09 17:37:21,672 [INFO] from application in application-akka.actor.default-dispatcher-6 - Shutting down connection pool.
2018-12-09 17:37:21,866 [INFO] from play.api.db.DefaultDBApi in play-dev-mode-akka.actor.default-dispatcher-17 - Database [default] initialized at jdbc:mysql://localhost:8889/library
2018-12-09 17:37:21,866 [INFO] from application in play-dev-mode-akka.actor.default-dispatcher-17 - Creating Pool for datasource 'default'
2018-12-09 17:37:22,039 [INFO] from play.api.http.EnabledFilters in play-dev-mode-akka.actor.default-dispatcher-17 - Enabled Filters (see <https://www.playframework.com/documentation/latest/Filters>):

    play.filters.csrf.CSRFFilter
    play.filters.headers.SecurityHeadersFilter
    play.filters.hosts.AllowedHostsFilter
    play.filters.cors.CORSFilter

2018-12-09 17:37:22,065 [INFO] from play.api.Play in play-dev-mode-akka.actor.default-dispatcher-17 - Application started (Dev)
2018-12-09 17:43:40,080 [ERROR] from application in application-akka.actor.default-dispatcher-2 - 

! @7a779l6b1 - Internal server error, for (POST) [/addBook] ->
 
play.api.http.HttpErrorHandlerExceptions$$anon$1: Execution exception[[DataIntegrityException: Error[Duplicate entry 'jhg' for key 'PRIMARY']]]
	at play.api.http.HttpErrorHandlerExceptions$.throwableToUsefulException(HttpErrorHandler.scala:251)
	at play.api.http.DefaultHttpErrorHandler.onServerError(HttpErrorHandler.scala:178)
	at play.filters.cors.AbstractCORSPolicy$$anonfun$1.applyOrElse(AbstractCORSPolicy.scala:125)
	at play.filters.cors.AbstractCORSPolicy$$anonfun$1.applyOrElse(AbstractCORSPolicy.scala:123)
	at scala.concurrent.Future.$anonfun$recoverWith$1(Future.scala:413)
	at scala.concurrent.impl.Promise.$anonfun$transformWith$1(Promise.scala:37)
	at scala.concurrent.impl.CallbackRunnable.run$$$capture(Promise.scala:60)
	at scala.concurrent.impl.CallbackRunnable.run(Promise.scala)
	at play.api.libs.streams.Execution$trampoline$.execute(Execution.scala:70)
	at scala.concurrent.impl.CallbackRunnable.executeWithValue(Promise.scala:68)
	at scala.concurrent.impl.Promise$DefaultPromise.$anonfun$tryComplete$1(Promise.scala:284)
	at scala.concurrent.impl.Promise$DefaultPromise.$anonfun$tryComplete$1$adapted(Promise.scala:284)
	at scala.concurrent.impl.Promise$DefaultPromise.tryComplete(Promise.scala:284)
	at scala.concurrent.impl.Promise$DefaultPromise.link(Promise.scala:337)
	at scala.concurrent.impl.Promise$DefaultPromise.linkRootOf(Promise.scala:322)
	at scala.concurrent.impl.Promise.$anonfun$transformWith$1(Promise.scala:39)
	at scala.concurrent.impl.CallbackRunnable.run$$$capture(Promise.scala:60)
	at scala.concurrent.impl.CallbackRunnable.run(Promise.scala)
	at akka.dispatch.BatchingExecutor$AbstractBatch.processBatch(BatchingExecutor.scala:55)
	at akka.dispatch.BatchingExecutor$BlockableBatch.$anonfun$run$1(BatchingExecutor.scala:91)
	at scala.runtime.java8.JFunction0$mcV$sp.apply(JFunction0$mcV$sp.java:12)
	at scala.concurrent.BlockContext$.withBlockContext(BlockContext.scala:81)
	at akka.dispatch.BatchingExecutor$BlockableBatch.run(BatchingExecutor.scala:91)
	at akka.dispatch.TaskInvocation.run(AbstractDispatcher.scala:40)
	at akka.dispatch.ForkJoinExecutorConfigurator$AkkaForkJoinTask.exec(ForkJoinExecutorConfigurator.scala:44)
	at akka.dispatch.forkjoin.ForkJoinTask.doExec(ForkJoinTask.java:260)
	at akka.dispatch.forkjoin.ForkJoinPool$WorkQueue.runTask(ForkJoinPool.java:1339)
	at akka.dispatch.forkjoin.ForkJoinPool.runWorker(ForkJoinPool.java:1979)
	at akka.dispatch.forkjoin.ForkJoinWorkerThread.run(ForkJoinWorkerThread.java:107)
Caused by: io.ebean.DataIntegrityException: Error[Duplicate entry 'jhg' for key 'PRIMARY']
	at io.ebean.config.dbplatform.SqlCodeTranslator.translate(SqlCodeTranslator.java:44)
	at io.ebean.config.dbplatform.DatabasePlatform.translate(DatabasePlatform.java:195)
	at io.ebeaninternal.server.persist.dml.DmlBeanPersister.execute(DmlBeanPersister.java:83)
	at io.ebeaninternal.server.persist.dml.DmlBeanPersister.insert(DmlBeanPersister.java:49)
	at io.ebeaninternal.server.core.PersistRequestBean.executeInsert(PersistRequestBean.java:1085)
	at io.ebeaninternal.server.core.PersistRequestBean.executeNow(PersistRequestBean.java:661)
	at io.ebeaninternal.server.core.PersistRequestBean.executeOrQueue(PersistRequestBean.java:707)
	at io.ebeaninternal.server.persist.DefaultPersister.insert(DefaultPersister.java:456)
	at io.ebeaninternal.server.persist.DefaultPersister.insert(DefaultPersister.java:406)
	at io.ebeaninternal.server.persist.DefaultPersister.save(DefaultPersister.java:393)
	at io.ebeaninternal.server.core.DefaultServer.save(DefaultServer.java:1578)
	at io.ebeaninternal.server.core.DefaultServer.save(DefaultServer.java:1570)
	at io.ebean.Ebean.save(Ebean.java:552)
	at services.WestminsterLibraryManager.addBook(WestminsterLibraryManager.java:22)
	at controllers.HomeController.addBook(HomeController.java:46)
	at router.Routes$$anonfun$routes$1.$anonfun$applyOrElse$10(Routes.scala:345)
	at play.core.routing.HandlerInvokerFactory$$anon$3.resultCall(HandlerInvoker.scala:134)
	at play.core.routing.HandlerInvokerFactory$$anon$3.resultCall(HandlerInvoker.scala:133)
	at play.core.routing.HandlerInvokerFactory$JavaActionInvokerFactory$$anon$8$$anon$2$$anon$1.invocation(HandlerInvoker.scala:108)
	at play.core.j.JavaAction$$anon$1.call(JavaAction.scala:88)
	at play.http.DefaultActionCreator$1.call(DefaultActionCreator.java:31)
	at play.core.j.JavaAction.$anonfun$apply$8(JavaAction.scala:138)
	at scala.concurrent.Future$.$anonfun$apply$1(Future.scala:654)
	at scala.util.Success.$anonfun$map$1(Try.scala:251)
	at scala.util.Success.map(Try.scala:209)
	at scala.concurrent.Future.$anonfun$map$1(Future.scala:288)
	at scala.concurrent.impl.Promise.liftedTree1$1(Promise.scala:29)
	at scala.concurrent.impl.Promise.$anonfun$transform$1(Promise.scala:29)
	at scala.concurrent.impl.CallbackRunnable.run$$$capture(Promise.scala:60)
	at scala.concurrent.impl.CallbackRunnable.run(Promise.scala)
	at play.core.j.HttpExecutionContext$$anon$2.run(HttpExecutionContext.scala:56)
	at play.api.libs.streams.Execution$trampoline$.execute(Execution.scala:70)
	at play.core.j.HttpExecutionContext.execute(HttpExecutionContext.scala:48)
	at scala.concurrent.impl.CallbackRunnable.executeWithValue(Promise.scala:68)
	at scala.concurrent.impl.Promise$KeptPromise$Kept.onComplete(Promise.scala:368)
	at scala.concurrent.impl.Promise$KeptPromise$Kept.onComplete$(Promise.scala:367)
	at scala.concurrent.impl.Promise$KeptPromise$Successful.onComplete(Promise.scala:375)
	at scala.concurrent.impl.Promise.transform(Promise.scala:29)
	at scala.concurrent.impl.Promise.transform$(Promise.scala:27)
	at scala.concurrent.impl.Promise$KeptPromise$Successful.transform(Promise.scala:375)
	at scala.concurrent.Future.map(Future.scala:288)
	at scala.concurrent.Future.map$(Future.scala:288)
	at scala.concurrent.impl.Promise$KeptPromise$Successful.map(Promise.scala:375)
	at scala.concurrent.Future$.apply(Future.scala:654)
	at play.core.j.JavaAction.apply(JavaAction.scala:138)
	at play.api.mvc.Action.$anonfun$apply$2(Action.scala:96)
	at scala.concurrent.Future.$anonfun$flatMap$1(Future.scala:303)
	at scala.concurrent.impl.Promise.$anonfun$transformWith$1(Promise.scala:37)
	... 13 common frames omitted
Caused by: com.mysql.jdbc.exceptions.jdbc4.MySQLIntegrityConstraintViolationException: Duplicate entry 'jhg' for key 'PRIMARY'
	at sun.reflect.NativeConstructorAccessorImpl.newInstance0(Native Method)
	at sun.reflect.NativeConstructorAccessorImpl.newInstance(NativeConstructorAccessorImpl.java:62)
	at sun.reflect.DelegatingConstructorAccessorImpl.newInstance(DelegatingConstructorAccessorImpl.java:45)
	at java.lang.reflect.Constructor.newInstance(Constructor.java:423)
	at com.mysql.jdbc.Util.handleNewInstance(Util.java:425)
	at com.mysql.jdbc.Util.getInstance(Util.java:408)
	at com.mysql.jdbc.SQLError.createSQLException(SQLError.java:935)
	at com.mysql.jdbc.MysqlIO.checkErrorPacket(MysqlIO.java:3973)
	at com.mysql.jdbc.MysqlIO.checkErrorPacket(MysqlIO.java:3909)
	at com.mysql.jdbc.MysqlIO.sendCommand(MysqlIO.java:2527)
	at com.mysql.jdbc.MysqlIO.sqlQueryDirect(MysqlIO.java:2680)
	at com.mysql.jdbc.ConnectionImpl.execSQL(ConnectionImpl.java:2501)
	at com.mysql.jdbc.PreparedStatement.executeInternal(PreparedStatement.java:1858)
	at com.mysql.jdbc.PreparedStatement.executeUpdateInternal(PreparedStatement.java:2079)
	at com.mysql.jdbc.PreparedStatement.executeUpdateInternal(PreparedStatement.java:2013)
	at com.mysql.jdbc.PreparedStatement.executeLargeUpdate(PreparedStatement.java:5104)
	at com.mysql.jdbc.PreparedStatement.executeUpdate(PreparedStatement.java:1998)
	at com.zaxxer.hikari.pool.ProxyPreparedStatement.executeUpdate(ProxyPreparedStatement.java:61)
	at com.zaxxer.hikari.pool.HikariProxyPreparedStatement.executeUpdate(HikariProxyPreparedStatement.java)
	at io.ebeaninternal.server.type.DataBind.executeUpdate(DataBind.java:82)
	at io.ebeaninternal.server.persist.dml.InsertHandler.execute(InsertHandler.java:122)
	at io.ebeaninternal.server.persist.dml.DmlBeanPersister.execute(DmlBeanPersister.java:73)
	... 58 common frames omitted
2018-12-09 17:43:47,415 [ERROR] from application in application-akka.actor.default-dispatcher-2 - 

! @7a779lh75 - Internal server error, for (POST) [/addBook] ->
 
play.api.http.HttpErrorHandlerExceptions$$anon$1: Execution exception[[DataIntegrityException: Error[Duplicate entry 'jhg' for key 'PRIMARY']]]
	at play.api.http.HttpErrorHandlerExceptions$.throwableToUsefulException(HttpErrorHandler.scala:251)
	at play.api.http.DefaultHttpErrorHandler.onServerError(HttpErrorHandler.scala:178)
	at play.filters.cors.AbstractCORSPolicy$$anonfun$1.applyOrElse(AbstractCORSPolicy.scala:125)
	at play.filters.cors.AbstractCORSPolicy$$anonfun$1.applyOrElse(AbstractCORSPolicy.scala:123)
	at scala.concurrent.Future.$anonfun$recoverWith$1(Future.scala:413)
	at scala.concurrent.impl.Promise.$anonfun$transformWith$1(Promise.scala:37)
	at scala.concurrent.impl.CallbackRunnable.run$$$capture(Promise.scala:60)
	at scala.concurrent.impl.CallbackRunnable.run(Promise.scala)
	at play.api.libs.streams.Execution$trampoline$.execute(Execution.scala:70)
	at scala.concurrent.impl.CallbackRunnable.executeWithValue(Promise.scala:68)
	at scala.concurrent.impl.Promise$DefaultPromise.$anonfun$tryComplete$1(Promise.scala:284)
	at scala.concurrent.impl.Promise$DefaultPromise.$anonfun$tryComplete$1$adapted(Promise.scala:284)
	at scala.concurrent.impl.Promise$DefaultPromise.tryComplete(Promise.scala:284)
	at scala.concurrent.impl.Promise$DefaultPromise.link(Promise.scala:337)
	at scala.concurrent.impl.Promise$DefaultPromise.linkRootOf(Promise.scala:322)
	at scala.concurrent.impl.Promise.$anonfun$transformWith$1(Promise.scala:39)
	at scala.concurrent.impl.CallbackRunnable.run$$$capture(Promise.scala:60)
	at scala.concurrent.impl.CallbackRunnable.run(Promise.scala)
	at akka.dispatch.BatchingExecutor$AbstractBatch.processBatch(BatchingExecutor.scala:55)
	at akka.dispatch.BatchingExecutor$BlockableBatch.$anonfun$run$1(BatchingExecutor.scala:91)
	at scala.runtime.java8.JFunction0$mcV$sp.apply(JFunction0$mcV$sp.java:12)
	at scala.concurrent.BlockContext$.withBlockContext(BlockContext.scala:81)
	at akka.dispatch.BatchingExecutor$BlockableBatch.run(BatchingExecutor.scala:91)
	at akka.dispatch.TaskInvocation.run(AbstractDispatcher.scala:40)
	at akka.dispatch.ForkJoinExecutorConfigurator$AkkaForkJoinTask.exec(ForkJoinExecutorConfigurator.scala:44)
	at akka.dispatch.forkjoin.ForkJoinTask.doExec(ForkJoinTask.java:260)
	at akka.dispatch.forkjoin.ForkJoinPool$WorkQueue.runTask(ForkJoinPool.java:1339)
	at akka.dispatch.forkjoin.ForkJoinPool.runWorker(ForkJoinPool.java:1979)
	at akka.dispatch.forkjoin.ForkJoinWorkerThread.run(ForkJoinWorkerThread.java:107)
Caused by: io.ebean.DataIntegrityException: Error[Duplicate entry 'jhg' for key 'PRIMARY']
	at io.ebean.config.dbplatform.SqlCodeTranslator.translate(SqlCodeTranslator.java:44)
	at io.ebean.config.dbplatform.DatabasePlatform.translate(DatabasePlatform.java:195)
	at io.ebeaninternal.server.persist.dml.DmlBeanPersister.execute(DmlBeanPersister.java:83)
	at io.ebeaninternal.server.persist.dml.DmlBeanPersister.insert(DmlBeanPersister.java:49)
	at io.ebeaninternal.server.core.PersistRequestBean.executeInsert(PersistRequestBean.java:1085)
	at io.ebeaninternal.server.core.PersistRequestBean.executeNow(PersistRequestBean.java:661)
	at io.ebeaninternal.server.core.PersistRequestBean.executeOrQueue(PersistRequestBean.java:707)
	at io.ebeaninternal.server.persist.DefaultPersister.insert(DefaultPersister.java:456)
	at io.ebeaninternal.server.persist.DefaultPersister.insert(DefaultPersister.java:406)
	at io.ebeaninternal.server.persist.DefaultPersister.save(DefaultPersister.java:393)
	at io.ebeaninternal.server.core.DefaultServer.save(DefaultServer.java:1578)
	at io.ebeaninternal.server.core.DefaultServer.save(DefaultServer.java:1570)
	at io.ebean.Ebean.save(Ebean.java:552)
	at services.WestminsterLibraryManager.addBook(WestminsterLibraryManager.java:22)
	at controllers.HomeController.addBook(HomeController.java:46)
	at router.Routes$$anonfun$routes$1.$anonfun$applyOrElse$10(Routes.scala:345)
	at play.core.routing.HandlerInvokerFactory$$anon$3.resultCall(HandlerInvoker.scala:134)
	at play.core.routing.HandlerInvokerFactory$$anon$3.resultCall(HandlerInvoker.scala:133)
	at play.core.routing.HandlerInvokerFactory$JavaActionInvokerFactory$$anon$8$$anon$2$$anon$1.invocation(HandlerInvoker.scala:108)
	at play.core.j.JavaAction$$anon$1.call(JavaAction.scala:88)
	at play.http.DefaultActionCreator$1.call(DefaultActionCreator.java:31)
	at play.core.j.JavaAction.$anonfun$apply$8(JavaAction.scala:138)
	at scala.concurrent.Future$.$anonfun$apply$1(Future.scala:654)
	at scala.util.Success.$anonfun$map$1(Try.scala:251)
	at scala.util.Success.map(Try.scala:209)
	at scala.concurrent.Future.$anonfun$map$1(Future.scala:288)
	at scala.concurrent.impl.Promise.liftedTree1$1(Promise.scala:29)
	at scala.concurrent.impl.Promise.$anonfun$transform$1(Promise.scala:29)
	at scala.concurrent.impl.CallbackRunnable.run$$$capture(Promise.scala:60)
	at scala.concurrent.impl.CallbackRunnable.run(Promise.scala)
	at play.core.j.HttpExecutionContext$$anon$2.run(HttpExecutionContext.scala:56)
	at play.api.libs.streams.Execution$trampoline$.execute(Execution.scala:70)
	at play.core.j.HttpExecutionContext.execute(HttpExecutionContext.scala:48)
	at scala.concurrent.impl.CallbackRunnable.executeWithValue(Promise.scala:68)
	at scala.concurrent.impl.Promise$KeptPromise$Kept.onComplete(Promise.scala:368)
	at scala.concurrent.impl.Promise$KeptPromise$Kept.onComplete$(Promise.scala:367)
	at scala.concurrent.impl.Promise$KeptPromise$Successful.onComplete(Promise.scala:375)
	at scala.concurrent.impl.Promise.transform(Promise.scala:29)
	at scala.concurrent.impl.Promise.transform$(Promise.scala:27)
	at scala.concurrent.impl.Promise$KeptPromise$Successful.transform(Promise.scala:375)
	at scala.concurrent.Future.map(Future.scala:288)
	at scala.concurrent.Future.map$(Future.scala:288)
	at scala.concurrent.impl.Promise$KeptPromise$Successful.map(Promise.scala:375)
	at scala.concurrent.Future$.apply(Future.scala:654)
	at play.core.j.JavaAction.apply(JavaAction.scala:138)
	at play.api.mvc.Action.$anonfun$apply$2(Action.scala:96)
	at scala.concurrent.Future.$anonfun$flatMap$1(Future.scala:303)
	at scala.concurrent.impl.Promise.$anonfun$transformWith$1(Promise.scala:37)
	... 13 common frames omitted
Caused by: com.mysql.jdbc.exceptions.jdbc4.MySQLIntegrityConstraintViolationException: Duplicate entry 'jhg' for key 'PRIMARY'
	at sun.reflect.NativeConstructorAccessorImpl.newInstance0(Native Method)
	at sun.reflect.NativeConstructorAccessorImpl.newInstance(NativeConstructorAccessorImpl.java:62)
	at sun.reflect.DelegatingConstructorAccessorImpl.newInstance(DelegatingConstructorAccessorImpl.java:45)
	at java.lang.reflect.Constructor.newInstance(Constructor.java:423)
	at com.mysql.jdbc.Util.handleNewInstance(Util.java:425)
	at com.mysql.jdbc.Util.getInstance(Util.java:408)
	at com.mysql.jdbc.SQLError.createSQLException(SQLError.java:935)
	at com.mysql.jdbc.MysqlIO.checkErrorPacket(MysqlIO.java:3973)
	at com.mysql.jdbc.MysqlIO.checkErrorPacket(MysqlIO.java:3909)
	at com.mysql.jdbc.MysqlIO.sendCommand(MysqlIO.java:2527)
	at com.mysql.jdbc.MysqlIO.sqlQueryDirect(MysqlIO.java:2680)
	at com.mysql.jdbc.ConnectionImpl.execSQL(ConnectionImpl.java:2501)
	at com.mysql.jdbc.PreparedStatement.executeInternal(PreparedStatement.java:1858)
	at com.mysql.jdbc.PreparedStatement.executeUpdateInternal(PreparedStatement.java:2079)
	at com.mysql.jdbc.PreparedStatement.executeUpdateInternal(PreparedStatement.java:2013)
	at com.mysql.jdbc.PreparedStatement.executeLargeUpdate(PreparedStatement.java:5104)
	at com.mysql.jdbc.PreparedStatement.executeUpdate(PreparedStatement.java:1998)
	at com.zaxxer.hikari.pool.ProxyPreparedStatement.executeUpdate(ProxyPreparedStatement.java:61)
	at com.zaxxer.hikari.pool.HikariProxyPreparedStatement.executeUpdate(HikariProxyPreparedStatement.java)
	at io.ebeaninternal.server.type.DataBind.executeUpdate(DataBind.java:82)
	at io.ebeaninternal.server.persist.dml.InsertHandler.execute(InsertHandler.java:122)
	at io.ebeaninternal.server.persist.dml.DmlBeanPersister.execute(DmlBeanPersister.java:73)
	... 58 common frames omitted
2018-12-09 17:44:07,836 [ERROR] from application in application-akka.actor.default-dispatcher-2 - 

! @7a779mlcg - Internal server error, for (POST) [/addBook] ->
 
play.api.http.HttpErrorHandlerExceptions$$anon$1: Execution exception[[DataIntegrityException: Error[Duplicate entry 'jhg' for key 'PRIMARY']]]
	at play.api.http.HttpErrorHandlerExceptions$.throwableToUsefulException(HttpErrorHandler.scala:251)
	at play.api.http.DefaultHttpErrorHandler.onServerError(HttpErrorHandler.scala:178)
	at play.filters.cors.AbstractCORSPolicy$$anonfun$1.applyOrElse(AbstractCORSPolicy.scala:125)
	at play.filters.cors.AbstractCORSPolicy$$anonfun$1.applyOrElse(AbstractCORSPolicy.scala:123)
	at scala.concurrent.Future.$anonfun$recoverWith$1(Future.scala:413)
	at scala.concurrent.impl.Promise.$anonfun$transformWith$1(Promise.scala:37)
	at scala.concurrent.impl.CallbackRunnable.run$$$capture(Promise.scala:60)
	at scala.concurrent.impl.CallbackRunnable.run(Promise.scala)
	at play.api.libs.streams.Execution$trampoline$.execute(Execution.scala:70)
	at scala.concurrent.impl.CallbackRunnable.executeWithValue(Promise.scala:68)
	at scala.concurrent.impl.Promise$DefaultPromise.$anonfun$tryComplete$1(Promise.scala:284)
	at scala.concurrent.impl.Promise$DefaultPromise.$anonfun$tryComplete$1$adapted(Promise.scala:284)
	at scala.concurrent.impl.Promise$DefaultPromise.tryComplete(Promise.scala:284)
	at scala.concurrent.impl.Promise$DefaultPromise.link(Promise.scala:337)
	at scala.concurrent.impl.Promise$DefaultPromise.linkRootOf(Promise.scala:322)
	at scala.concurrent.impl.Promise.$anonfun$transformWith$1(Promise.scala:39)
	at scala.concurrent.impl.CallbackRunnable.run$$$capture(Promise.scala:60)
	at scala.concurrent.impl.CallbackRunnable.run(Promise.scala)
	at akka.dispatch.BatchingExecutor$AbstractBatch.processBatch(BatchingExecutor.scala:55)
	at akka.dispatch.BatchingExecutor$BlockableBatch.$anonfun$run$1(BatchingExecutor.scala:91)
	at scala.runtime.java8.JFunction0$mcV$sp.apply(JFunction0$mcV$sp.java:12)
	at scala.concurrent.BlockContext$.withBlockContext(BlockContext.scala:81)
	at akka.dispatch.BatchingExecutor$BlockableBatch.run(BatchingExecutor.scala:91)
	at akka.dispatch.TaskInvocation.run(AbstractDispatcher.scala:40)
	at akka.dispatch.ForkJoinExecutorConfigurator$AkkaForkJoinTask.exec(ForkJoinExecutorConfigurator.scala:44)
	at akka.dispatch.forkjoin.ForkJoinTask.doExec(ForkJoinTask.java:260)
	at akka.dispatch.forkjoin.ForkJoinPool$WorkQueue.runTask(ForkJoinPool.java:1339)
	at akka.dispatch.forkjoin.ForkJoinPool.runWorker(ForkJoinPool.java:1979)
	at akka.dispatch.forkjoin.ForkJoinWorkerThread.run(ForkJoinWorkerThread.java:107)
Caused by: io.ebean.DataIntegrityException: Error[Duplicate entry 'jhg' for key 'PRIMARY']
	at io.ebean.config.dbplatform.SqlCodeTranslator.translate(SqlCodeTranslator.java:44)
	at io.ebean.config.dbplatform.DatabasePlatform.translate(DatabasePlatform.java:195)
	at io.ebeaninternal.server.persist.dml.DmlBeanPersister.execute(DmlBeanPersister.java:83)
	at io.ebeaninternal.server.persist.dml.DmlBeanPersister.insert(DmlBeanPersister.java:49)
	at io.ebeaninternal.server.core.PersistRequestBean.executeInsert(PersistRequestBean.java:1085)
	at io.ebeaninternal.server.core.PersistRequestBean.executeNow(PersistRequestBean.java:661)
	at io.ebeaninternal.server.core.PersistRequestBean.executeOrQueue(PersistRequestBean.java:707)
	at io.ebeaninternal.server.persist.DefaultPersister.insert(DefaultPersister.java:456)
	at io.ebeaninternal.server.persist.DefaultPersister.insert(DefaultPersister.java:406)
	at io.ebeaninternal.server.persist.DefaultPersister.save(DefaultPersister.java:393)
	at io.ebeaninternal.server.core.DefaultServer.save(DefaultServer.java:1578)
	at io.ebeaninternal.server.core.DefaultServer.save(DefaultServer.java:1570)
	at io.ebean.Ebean.save(Ebean.java:552)
	at services.WestminsterLibraryManager.addBook(WestminsterLibraryManager.java:22)
	at controllers.HomeController.addBook(HomeController.java:46)
	at router.Routes$$anonfun$routes$1.$anonfun$applyOrElse$10(Routes.scala:345)
	at play.core.routing.HandlerInvokerFactory$$anon$3.resultCall(HandlerInvoker.scala:134)
	at play.core.routing.HandlerInvokerFactory$$anon$3.resultCall(HandlerInvoker.scala:133)
	at play.core.routing.HandlerInvokerFactory$JavaActionInvokerFactory$$anon$8$$anon$2$$anon$1.invocation(HandlerInvoker.scala:108)
	at play.core.j.JavaAction$$anon$1.call(JavaAction.scala:88)
	at play.http.DefaultActionCreator$1.call(DefaultActionCreator.java:31)
	at play.core.j.JavaAction.$anonfun$apply$8(JavaAction.scala:138)
	at scala.concurrent.Future$.$anonfun$apply$1(Future.scala:654)
	at scala.util.Success.$anonfun$map$1(Try.scala:251)
	at scala.util.Success.map(Try.scala:209)
	at scala.concurrent.Future.$anonfun$map$1(Future.scala:288)
	at scala.concurrent.impl.Promise.liftedTree1$1(Promise.scala:29)
	at scala.concurrent.impl.Promise.$anonfun$transform$1(Promise.scala:29)
	at scala.concurrent.impl.CallbackRunnable.run$$$capture(Promise.scala:60)
	at scala.concurrent.impl.CallbackRunnable.run(Promise.scala)
	at play.core.j.HttpExecutionContext$$anon$2.run(HttpExecutionContext.scala:56)
	at play.api.libs.streams.Execution$trampoline$.execute(Execution.scala:70)
	at play.core.j.HttpExecutionContext.execute(HttpExecutionContext.scala:48)
	at scala.concurrent.impl.CallbackRunnable.executeWithValue(Promise.scala:68)
	at scala.concurrent.impl.Promise$KeptPromise$Kept.onComplete(Promise.scala:368)
	at scala.concurrent.impl.Promise$KeptPromise$Kept.onComplete$(Promise.scala:367)
	at scala.concurrent.impl.Promise$KeptPromise$Successful.onComplete(Promise.scala:375)
	at scala.concurrent.impl.Promise.transform(Promise.scala:29)
	at scala.concurrent.impl.Promise.transform$(Promise.scala:27)
	at scala.concurrent.impl.Promise$KeptPromise$Successful.transform(Promise.scala:375)
	at scala.concurrent.Future.map(Future.scala:288)
	at scala.concurrent.Future.map$(Future.scala:288)
	at scala.concurrent.impl.Promise$KeptPromise$Successful.map(Promise.scala:375)
	at scala.concurrent.Future$.apply(Future.scala:654)
	at play.core.j.JavaAction.apply(JavaAction.scala:138)
	at play.api.mvc.Action.$anonfun$apply$2(Action.scala:96)
	at scala.concurrent.Future.$anonfun$flatMap$1(Future.scala:303)
	at scala.concurrent.impl.Promise.$anonfun$transformWith$1(Promise.scala:37)
	... 13 common frames omitted
Caused by: com.mysql.jdbc.exceptions.jdbc4.MySQLIntegrityConstraintViolationException: Duplicate entry 'jhg' for key 'PRIMARY'
	at sun.reflect.NativeConstructorAccessorImpl.newInstance0(Native Method)
	at sun.reflect.NativeConstructorAccessorImpl.newInstance(NativeConstructorAccessorImpl.java:62)
	at sun.reflect.DelegatingConstructorAccessorImpl.newInstance(DelegatingConstructorAccessorImpl.java:45)
	at java.lang.reflect.Constructor.newInstance(Constructor.java:423)
	at com.mysql.jdbc.Util.handleNewInstance(Util.java:425)
	at com.mysql.jdbc.Util.getInstance(Util.java:408)
	at com.mysql.jdbc.SQLError.createSQLException(SQLError.java:935)
	at com.mysql.jdbc.MysqlIO.checkErrorPacket(MysqlIO.java:3973)
	at com.mysql.jdbc.MysqlIO.checkErrorPacket(MysqlIO.java:3909)
	at com.mysql.jdbc.MysqlIO.sendCommand(MysqlIO.java:2527)
	at com.mysql.jdbc.MysqlIO.sqlQueryDirect(MysqlIO.java:2680)
	at com.mysql.jdbc.ConnectionImpl.execSQL(ConnectionImpl.java:2501)
	at com.mysql.jdbc.PreparedStatement.executeInternal(PreparedStatement.java:1858)
	at com.mysql.jdbc.PreparedStatement.executeUpdateInternal(PreparedStatement.java:2079)
	at com.mysql.jdbc.PreparedStatement.executeUpdateInternal(PreparedStatement.java:2013)
	at com.mysql.jdbc.PreparedStatement.executeLargeUpdate(PreparedStatement.java:5104)
	at com.mysql.jdbc.PreparedStatement.executeUpdate(PreparedStatement.java:1998)
	at com.zaxxer.hikari.pool.ProxyPreparedStatement.executeUpdate(ProxyPreparedStatement.java:61)
	at com.zaxxer.hikari.pool.HikariProxyPreparedStatement.executeUpdate(HikariProxyPreparedStatement.java)
	at io.ebeaninternal.server.type.DataBind.executeUpdate(DataBind.java:82)
	at io.ebeaninternal.server.persist.dml.InsertHandler.execute(InsertHandler.java:122)
	at io.ebeaninternal.server.persist.dml.DmlBeanPersister.execute(DmlBeanPersister.java:73)
	... 58 common frames omitted
2018-12-09 17:44:36,458 [ERROR] from application in application-akka.actor.default-dispatcher-2 - 

! @7a779obld - Internal server error, for (POST) [/addBook] ->
 
play.api.http.HttpErrorHandlerExceptions$$anon$1: Execution exception[[DataIntegrityException: Error[Duplicate entry 'jhg' for key 'PRIMARY']]]
	at play.api.http.HttpErrorHandlerExceptions$.throwableToUsefulException(HttpErrorHandler.scala:251)
	at play.api.http.DefaultHttpErrorHandler.onServerError(HttpErrorHandler.scala:178)
	at play.filters.cors.AbstractCORSPolicy$$anonfun$1.applyOrElse(AbstractCORSPolicy.scala:125)
	at play.filters.cors.AbstractCORSPolicy$$anonfun$1.applyOrElse(AbstractCORSPolicy.scala:123)
	at scala.concurrent.Future.$anonfun$recoverWith$1(Future.scala:413)
	at scala.concurrent.impl.Promise.$anonfun$transformWith$1(Promise.scala:37)
	at scala.concurrent.impl.CallbackRunnable.run$$$capture(Promise.scala:60)
	at scala.concurrent.impl.CallbackRunnable.run(Promise.scala)
	at play.api.libs.streams.Execution$trampoline$.execute(Execution.scala:70)
	at scala.concurrent.impl.CallbackRunnable.executeWithValue(Promise.scala:68)
	at scala.concurrent.impl.Promise$DefaultPromise.$anonfun$tryComplete$1(Promise.scala:284)
	at scala.concurrent.impl.Promise$DefaultPromise.$anonfun$tryComplete$1$adapted(Promise.scala:284)
	at scala.concurrent.impl.Promise$DefaultPromise.tryComplete(Promise.scala:284)
	at scala.concurrent.impl.Promise$DefaultPromise.link(Promise.scala:337)
	at scala.concurrent.impl.Promise$DefaultPromise.linkRootOf(Promise.scala:322)
	at scala.concurrent.impl.Promise.$anonfun$transformWith$1(Promise.scala:39)
	at scala.concurrent.impl.CallbackRunnable.run$$$capture(Promise.scala:60)
	at scala.concurrent.impl.CallbackRunnable.run(Promise.scala)
	at akka.dispatch.BatchingExecutor$AbstractBatch.processBatch(BatchingExecutor.scala:55)
	at akka.dispatch.BatchingExecutor$BlockableBatch.$anonfun$run$1(BatchingExecutor.scala:91)
	at scala.runtime.java8.JFunction0$mcV$sp.apply(JFunction0$mcV$sp.java:12)
	at scala.concurrent.BlockContext$.withBlockContext(BlockContext.scala:81)
	at akka.dispatch.BatchingExecutor$BlockableBatch.run(BatchingExecutor.scala:91)
	at akka.dispatch.TaskInvocation.run(AbstractDispatcher.scala:40)
	at akka.dispatch.ForkJoinExecutorConfigurator$AkkaForkJoinTask.exec(ForkJoinExecutorConfigurator.scala:44)
	at akka.dispatch.forkjoin.ForkJoinTask.doExec(ForkJoinTask.java:260)
	at akka.dispatch.forkjoin.ForkJoinPool$WorkQueue.runTask(ForkJoinPool.java:1339)
	at akka.dispatch.forkjoin.ForkJoinPool.runWorker(ForkJoinPool.java:1979)
	at akka.dispatch.forkjoin.ForkJoinWorkerThread.run(ForkJoinWorkerThread.java:107)
Caused by: io.ebean.DataIntegrityException: Error[Duplicate entry 'jhg' for key 'PRIMARY']
	at io.ebean.config.dbplatform.SqlCodeTranslator.translate(SqlCodeTranslator.java:44)
	at io.ebean.config.dbplatform.DatabasePlatform.translate(DatabasePlatform.java:195)
	at io.ebeaninternal.server.persist.dml.DmlBeanPersister.execute(DmlBeanPersister.java:83)
	at io.ebeaninternal.server.persist.dml.DmlBeanPersister.insert(DmlBeanPersister.java:49)
	at io.ebeaninternal.server.core.PersistRequestBean.executeInsert(PersistRequestBean.java:1085)
	at io.ebeaninternal.server.core.PersistRequestBean.executeNow(PersistRequestBean.java:661)
	at io.ebeaninternal.server.core.PersistRequestBean.executeOrQueue(PersistRequestBean.java:707)
	at io.ebeaninternal.server.persist.DefaultPersister.insert(DefaultPersister.java:456)
	at io.ebeaninternal.server.persist.DefaultPersister.insert(DefaultPersister.java:406)
	at io.ebeaninternal.server.persist.DefaultPersister.save(DefaultPersister.java:393)
	at io.ebeaninternal.server.core.DefaultServer.save(DefaultServer.java:1578)
	at io.ebeaninternal.server.core.DefaultServer.save(DefaultServer.java:1570)
	at io.ebean.Ebean.save(Ebean.java:552)
	at services.WestminsterLibraryManager.addBook(WestminsterLibraryManager.java:22)
	at controllers.HomeController.addBook(HomeController.java:46)
	at router.Routes$$anonfun$routes$1.$anonfun$applyOrElse$10(Routes.scala:345)
	at play.core.routing.HandlerInvokerFactory$$anon$3.resultCall(HandlerInvoker.scala:134)
	at play.core.routing.HandlerInvokerFactory$$anon$3.resultCall(HandlerInvoker.scala:133)
	at play.core.routing.HandlerInvokerFactory$JavaActionInvokerFactory$$anon$8$$anon$2$$anon$1.invocation(HandlerInvoker.scala:108)
	at play.core.j.JavaAction$$anon$1.call(JavaAction.scala:88)
	at play.http.DefaultActionCreator$1.call(DefaultActionCreator.java:31)
	at play.core.j.JavaAction.$anonfun$apply$8(JavaAction.scala:138)
	at scala.concurrent.Future$.$anonfun$apply$1(Future.scala:654)
	at scala.util.Success.$anonfun$map$1(Try.scala:251)
	at scala.util.Success.map(Try.scala:209)
	at scala.concurrent.Future.$anonfun$map$1(Future.scala:288)
	at scala.concurrent.impl.Promise.liftedTree1$1(Promise.scala:29)
	at scala.concurrent.impl.Promise.$anonfun$transform$1(Promise.scala:29)
	at scala.concurrent.impl.CallbackRunnable.run$$$capture(Promise.scala:60)
	at scala.concurrent.impl.CallbackRunnable.run(Promise.scala)
	at play.core.j.HttpExecutionContext$$anon$2.run(HttpExecutionContext.scala:56)
	at play.api.libs.streams.Execution$trampoline$.execute(Execution.scala:70)
	at play.core.j.HttpExecutionContext.execute(HttpExecutionContext.scala:48)
	at scala.concurrent.impl.CallbackRunnable.executeWithValue(Promise.scala:68)
	at scala.concurrent.impl.Promise$KeptPromise$Kept.onComplete(Promise.scala:368)
	at scala.concurrent.impl.Promise$KeptPromise$Kept.onComplete$(Promise.scala:367)
	at scala.concurrent.impl.Promise$KeptPromise$Successful.onComplete(Promise.scala:375)
	at scala.concurrent.impl.Promise.transform(Promise.scala:29)
	at scala.concurrent.impl.Promise.transform$(Promise.scala:27)
	at scala.concurrent.impl.Promise$KeptPromise$Successful.transform(Promise.scala:375)
	at scala.concurrent.Future.map(Future.scala:288)
	at scala.concurrent.Future.map$(Future.scala:288)
	at scala.concurrent.impl.Promise$KeptPromise$Successful.map(Promise.scala:375)
	at scala.concurrent.Future$.apply(Future.scala:654)
	at play.core.j.JavaAction.apply(JavaAction.scala:138)
	at play.api.mvc.Action.$anonfun$apply$2(Action.scala:96)
	at scala.concurrent.Future.$anonfun$flatMap$1(Future.scala:303)
	at scala.concurrent.impl.Promise.$anonfun$transformWith$1(Promise.scala:37)
	... 13 common frames omitted
Caused by: com.mysql.jdbc.exceptions.jdbc4.MySQLIntegrityConstraintViolationException: Duplicate entry 'jhg' for key 'PRIMARY'
	at sun.reflect.NativeConstructorAccessorImpl.newInstance0(Native Method)
	at sun.reflect.NativeConstructorAccessorImpl.newInstance(NativeConstructorAccessorImpl.java:62)
	at sun.reflect.DelegatingConstructorAccessorImpl.newInstance(DelegatingConstructorAccessorImpl.java:45)
	at java.lang.reflect.Constructor.newInstance(Constructor.java:423)
	at com.mysql.jdbc.Util.handleNewInstance(Util.java:425)
	at com.mysql.jdbc.Util.getInstance(Util.java:408)
	at com.mysql.jdbc.SQLError.createSQLException(SQLError.java:935)
	at com.mysql.jdbc.MysqlIO.checkErrorPacket(MysqlIO.java:3973)
	at com.mysql.jdbc.MysqlIO.checkErrorPacket(MysqlIO.java:3909)
	at com.mysql.jdbc.MysqlIO.sendCommand(MysqlIO.java:2527)
	at com.mysql.jdbc.MysqlIO.sqlQueryDirect(MysqlIO.java:2680)
	at com.mysql.jdbc.ConnectionImpl.execSQL(ConnectionImpl.java:2501)
	at com.mysql.jdbc.PreparedStatement.executeInternal(PreparedStatement.java:1858)
	at com.mysql.jdbc.PreparedStatement.executeUpdateInternal(PreparedStatement.java:2079)
	at com.mysql.jdbc.PreparedStatement.executeUpdateInternal(PreparedStatement.java:2013)
	at com.mysql.jdbc.PreparedStatement.executeLargeUpdate(PreparedStatement.java:5104)
	at com.mysql.jdbc.PreparedStatement.executeUpdate(PreparedStatement.java:1998)
	at com.zaxxer.hikari.pool.ProxyPreparedStatement.executeUpdate(ProxyPreparedStatement.java:61)
	at com.zaxxer.hikari.pool.HikariProxyPreparedStatement.executeUpdate(HikariProxyPreparedStatement.java)
	at io.ebeaninternal.server.type.DataBind.executeUpdate(DataBind.java:82)
	at io.ebeaninternal.server.persist.dml.InsertHandler.execute(InsertHandler.java:122)
	at io.ebeaninternal.server.persist.dml.DmlBeanPersister.execute(DmlBeanPersister.java:73)
	... 58 common frames omitted
2018-12-09 21:57:55,310 [INFO] from application in application-akka.actor.default-dispatcher-14 - Shutting down connection pool.
2018-12-09 21:57:55,486 [INFO] from play.api.db.DefaultDBApi in play-dev-mode-akka.actor.default-dispatcher-85 - Database [default] initialized at jdbc:mysql://localhost:8889/library
2018-12-09 21:57:55,486 [INFO] from application in play-dev-mode-akka.actor.default-dispatcher-85 - Creating Pool for datasource 'default'
2018-12-09 21:57:56,850 [INFO] from play.api.http.EnabledFilters in play-dev-mode-akka.actor.default-dispatcher-85 - Enabled Filters (see <https://www.playframework.com/documentation/latest/Filters>):

    play.filters.csrf.CSRFFilter
    play.filters.headers.SecurityHeadersFilter
    play.filters.hosts.AllowedHostsFilter
    play.filters.cors.CORSFilter

2018-12-09 21:57:56,858 [INFO] from play.api.Play in play-dev-mode-akka.actor.default-dispatcher-85 - Application started (Dev)
